<?xml version="1.0" encoding="UTF-8"?>
<testng-results ignored="0" total="4" passed="4" failed="0" skipped="0">
  <reporter-output>
  </reporter-output>
  <suite started-at="2023-09-10T17:00:48 IST" name="Suite" finished-at="2023-09-10T17:01:22 IST" duration-ms="34431">
    <groups>
    </groups>
    <test started-at="2023-09-10T17:00:48 IST" name="Test4" finished-at="2023-09-10T17:01:22 IST" duration-ms="34393">
      <class name="com.obsqura.tests.CreateDeliveryBoy">
        <test-method is-config="true" signature="InitializeDriver()[pri:0, instance:com.obsqura.tests.CreateDeliveryBoy@60129b9a]" started-at="2023-09-10T17:00:48 IST" name="InitializeDriver" finished-at="2023-09-10T17:01:13 IST" duration-ms="24967" status="PASS">
          <reporter-output>
          </reporter-output>
        </test-method> <!-- InitializeDriver -->
        <test-method signature="CreateDeliveryBoyTest()[pri:0, instance:com.obsqura.tests.CreateDeliveryBoy@60129b9a]" started-at="2023-09-10T17:01:13 IST" name="CreateDeliveryBoyTest" finished-at="2023-09-10T17:01:20 IST" duration-ms="7811" status="PASS">
          <reporter-output>
          </reporter-output>
        </test-method> <!-- CreateDeliveryBoyTest -->
        <test-method is-config="true" signature="TearDown()[pri:0, instance:com.obsqura.tests.CreateDeliveryBoy@60129b9a]" started-at="2023-09-10T17:01:20 IST" name="TearDown" finished-at="2023-09-10T17:01:22 IST" duration-ms="1578" status="PASS">
          <reporter-output>
          </reporter-output>
        </test-method> <!-- TearDown -->
      </class> <!-- com.obsqura.tests.CreateDeliveryBoy -->
    </test> <!-- Test4 -->
    <test started-at="2023-09-10T17:00:48 IST" name="Test1" finished-at="2023-09-10T17:01:22 IST" duration-ms="34415">
      <class name="com.obsqura.tests.LoginTest">
        <test-method is-config="true" signature="InitializeDriver()[pri:0, instance:com.obsqura.tests.LoginTest@54eb2b70]" started-at="2023-09-10T17:00:48 IST" name="InitializeDriver" finished-at="2023-09-10T17:01:13 IST" duration-ms="24949" status="PASS">
          <reporter-output>
          </reporter-output>
        </test-method> <!-- InitializeDriver -->
        <test-method signature="MyLoginTest()[pri:0, instance:com.obsqura.tests.LoginTest@54eb2b70]" started-at="2023-09-10T17:01:13 IST" name="MyLoginTest" finished-at="2023-09-10T17:01:15 IST" duration-ms="2644" status="PASS">
          <reporter-output>
          </reporter-output>
        </test-method> <!-- MyLoginTest -->
        <test-method is-config="true" signature="TearDown()[pri:0, instance:com.obsqura.tests.LoginTest@54eb2b70]" started-at="2023-09-10T17:01:15 IST" name="TearDown" finished-at="2023-09-10T17:01:22 IST" duration-ms="6743" status="PASS">
          <reporter-output>
          </reporter-output>
        </test-method> <!-- TearDown -->
      </class> <!-- com.obsqura.tests.LoginTest -->
    </test> <!-- Test1 -->
    <test started-at="2023-09-10T17:00:48 IST" name="Test3" finished-at="2023-09-10T17:01:22 IST" duration-ms="34242">
      <class name="com.obsqura.tests.CreateandDeleteExpense">
        <test-method is-config="true" signature="InitializeDriver()[pri:0, instance:com.obsqura.tests.CreateandDeleteExpense@63f259c3]" started-at="2023-09-10T17:00:48 IST" name="InitializeDriver" finished-at="2023-09-10T17:01:13 IST" duration-ms="24845" status="PASS">
          <reporter-output>
          </reporter-output>
        </test-method> <!-- InitializeDriver -->
        <test-method signature="MyCreateDeleteExpense()[pri:0, instance:com.obsqura.tests.CreateandDeleteExpense@63f259c3]" started-at="2023-09-10T17:01:13 IST" name="MyCreateDeleteExpense" finished-at="2023-09-10T17:01:21 IST" duration-ms="8050" status="PASS">
          <reporter-output>
          </reporter-output>
        </test-method> <!-- MyCreateDeleteExpense -->
        <test-method is-config="true" signature="TearDown()[pri:0, instance:com.obsqura.tests.CreateandDeleteExpense@63f259c3]" started-at="2023-09-10T17:01:21 IST" name="TearDown" finished-at="2023-09-10T17:01:22 IST" duration-ms="1284" status="PASS">
          <reporter-output>
          </reporter-output>
        </test-method> <!-- TearDown -->
      </class> <!-- com.obsqura.tests.CreateandDeleteExpense -->
    </test> <!-- Test3 -->
    <test started-at="2023-09-10T17:00:48 IST" name="Test2" finished-at="2023-09-10T17:01:22 IST" duration-ms="34431">
      <class name="com.obsqura.tests.SearchProductTest">
        <test-method is-config="true" signature="InitializeDriver()[pri:0, instance:com.obsqura.tests.SearchProductTest@132e0cc]" started-at="2023-09-10T17:00:48 IST" name="InitializeDriver" finished-at="2023-09-10T17:01:13 IST" duration-ms="24969" status="PASS">
          <reporter-output>
          </reporter-output>
        </test-method> <!-- InitializeDriver -->
        <test-method signature="MySearchProductTest()[pri:0, instance:com.obsqura.tests.SearchProductTest@132e0cc]" started-at="2023-09-10T17:01:13 IST" name="MySearchProductTest" finished-at="2023-09-10T17:01:19 IST" duration-ms="6237" status="PASS">
          <reporter-output>
          </reporter-output>
        </test-method> <!-- MySearchProductTest -->
        <test-method is-config="true" signature="TearDown()[pri:0, instance:com.obsqura.tests.SearchProductTest@132e0cc]" started-at="2023-09-10T17:01:19 IST" name="TearDown" finished-at="2023-09-10T17:01:22 IST" duration-ms="3187" status="PASS">
          <reporter-output>
          </reporter-output>
        </test-method> <!-- TearDown -->
      </class> <!-- com.obsqura.tests.SearchProductTest -->
    </test> <!-- Test2 -->
  </suite> <!-- Suite -->
</testng-results>
